Unity Editor version:    2021.3.24f1 (cf10dcf7010d)
Branch:                  2021.3/staging
Build type:              Release
Batch mode:              YES
macOS version:           Version 13.3.1 (Build 22E261)
Darwin version:          22.4.0
Architecture:            arm64
Running under Rosetta:   NO
Available memory:        8192 MB
Using pre-set license
Pro License: YES

COMMAND LINE ARGUMENTS:
/Applications/Unity/Hub/Editor/2021.3.24f1/Unity.app/Contents/MacOS/Unity
-adb2
-batchMode
-noUpm
-name
AssetImportWorker0
-projectPath
/Users/leoocadiz/Game Doc/GitHub/Give-me-Space/Space Game
-logFile
Logs/AssetImportWorker0.log
-srvPort
52391
Successfully changed project path to: /Users/leoocadiz/Game Doc/GitHub/Give-me-Space/Space Game
/Users/leoocadiz/Game Doc/GitHub/Give-me-Space/Space Game
[UnityMemory] Configuration Parameters - Can be set up in boot.config
    "memorysetup-bucket-allocator-granularity=16"
    "memorysetup-bucket-allocator-bucket-count=8"
    "memorysetup-bucket-allocator-block-size=33554432"
    "memorysetup-bucket-allocator-block-count=8"
    "memorysetup-main-allocator-block-size=16777216"
    "memorysetup-thread-allocator-block-size=16777216"
    "memorysetup-gfx-main-allocator-block-size=16777216"
    "memorysetup-gfx-thread-allocator-block-size=16777216"
    "memorysetup-cache-allocator-block-size=4194304"
    "memorysetup-typetree-allocator-block-size=2097152"
    "memorysetup-profiler-bucket-allocator-granularity=16"
    "memorysetup-profiler-bucket-allocator-bucket-count=8"
    "memorysetup-profiler-bucket-allocator-block-size=33554432"
    "memorysetup-profiler-bucket-allocator-block-count=8"
    "memorysetup-profiler-allocator-block-size=16777216"
    "memorysetup-profiler-editor-allocator-block-size=1048576"
    "memorysetup-temp-allocator-size-main=16777216"
    "memorysetup-job-temp-allocator-block-size=2097152"
    "memorysetup-job-temp-allocator-block-size-background=1048576"
    "memorysetup-job-temp-allocator-reduction-small-platforms=262144"
    "memorysetup-temp-allocator-size-background-worker=32768"
    "memorysetup-temp-allocator-size-job-worker=262144"
    "memorysetup-temp-allocator-size-preload-manager=33554432"
    "memorysetup-temp-allocator-size-nav-mesh-worker=65536"
    "memorysetup-temp-allocator-size-audio-worker=65536"
    "memorysetup-temp-allocator-size-cloud-worker=32768"
    "memorysetup-temp-allocator-size-gi-baking-worker=262144"
    "memorysetup-temp-allocator-size-gfx=262144"
Player connection [8529910592] Host "[IP] 10.13.42.75 [Port] 0 [Flags] 2 [Guid] 3778924278 [EditorId] 3778924278 [Version] 1048832 [Id] OSXEditor(0,Leos-MacBook-Air.local) [Debug] 1 [PackageName] OSXEditor [ProjectName] Editor" joined multi-casting on [225.0.0.222:54997]...

Player connection [8529910592] Host "[IP] 10.13.42.75 [Port] 0 [Flags] 2 [Guid] 3778924278 [EditorId] 3778924278 [Version] 1048832 [Id] OSXEditor(0,Leos-MacBook-Air.local) [Debug] 1 [PackageName] OSXEditor [ProjectName] Editor" joined alternative multi-casting on [225.0.0.222:34997]...

Refreshing native plugins compatible for Editor in 82.90 ms, found 3 plugins.
Preloading 0 native plugins for Editor in 0.00 ms.
Initialize engine version: 2021.3.24f1 (cf10dcf7010d)
[Subsystems] Discovering subsystems at path /Applications/Unity/Hub/Editor/2021.3.24f1/Unity.app/Contents/Resources/UnitySubsystems
[Subsystems] Discovering subsystems at path /Users/leoocadiz/Game Doc/GitHub/Give-me-Space/Space Game/Assets
GfxDevice: creating device client; threaded=0; jobified=0
 preferred device: Apple M1 (high power)
Metal devices available: 1
0: Apple M1 (high power)
Using device Apple M1 (high power)
Initializing Metal device caps: Apple M1
Initialize mono
Mono path[0] = '/Applications/Unity/Hub/Editor/2021.3.24f1/Unity.app/Contents/Managed'
Mono path[1] = '/Applications/Unity/Hub/Editor/2021.3.24f1/Unity.app/Contents/MonoBleedingEdge/lib/mono/unityjit-macos'
Mono config path = '/Applications/Unity/Hub/Editor/2021.3.24f1/Unity.app/Contents/MonoBleedingEdge/etc'
Using monoOptions --debugger-agent=transport=dt_socket,embedding=1,server=y,suspend=n,address=127.0.0.1:56800
Begin MonoManager ReloadAssembly
Registering precompiled unity dll's ...
Register platform support module: /Applications/Unity/Hub/Editor/2021.3.24f1/PlaybackEngines/WebGLSupport/UnityEditor.WebGL.Extensions.dll
Register platform support module: /Applications/Unity/Hub/Editor/2021.3.24f1/Unity.app/Contents/PlaybackEngines/MacStandaloneSupport/UnityEditor.OSXStandalone.Extensions.dll
Registered in 0.001380 seconds.
Native extension for OSXStandalone target not found
Native extension for WebGL target not found
Refreshing native plugins compatible for Editor in 68.52 ms, found 3 plugins.
Preloading 0 native plugins for Editor in 0.00 ms.
Mono: successfully reloaded assembly
- Completed reload, in  0.436 seconds
Domain Reload Profiling:
	ReloadAssembly (436ms)
		BeginReloadAssembly (82ms)
			ExecutionOrderSort (0ms)
			DisableScriptedObjects (0ms)
			BackupInstance (0ms)
			ReleaseScriptingObjects (0ms)
			CreateAndSetChildDomain (1ms)
		EndReloadAssembly (294ms)
			LoadAssemblies (82ms)
			RebuildTransferFunctionScriptingTraits (0ms)
			SetupTypeCache (72ms)
			ReleaseScriptCaches (0ms)
			RebuildScriptCaches (18ms)
			SetupLoadedEditorAssemblies (176ms)
				LogAssemblyErrors (0ms)
				InitializePlatformSupportModulesInManaged (4ms)
				SetLoadedEditorAssemblies (0ms)
				RefreshPlugins (69ms)
				BeforeProcessingInitializeOnLoad (1ms)
				ProcessInitializeOnLoadAttributes (78ms)
				ProcessInitializeOnLoadMethodAttributes (25ms)
				AfterProcessingInitializeOnLoad (0ms)
				EditorAssembliesLoaded (0ms)
			ExecutionOrderSort2 (0ms)
			AwakeInstancesAfterBackupRestoration (0ms)
Platform modules already initialized, skipping
Registering precompiled user dll's ...
Registered in 0.005305 seconds.
Begin MonoManager ReloadAssembly
Symbol file LoadedFromMemory doesn't match image /Users/leoocadiz/Game Doc/GitHub/Give-me-Space/Space Game/Library/PackageCache/com.unity.visualscripting@1.8.0/Editor/VisualScripting.Core/Dependencies/YamlDotNet/Unity.VisualScripting.YamlDotNet.dll
Symbol file LoadedFromMemory doesn't match image /Users/leoocadiz/Game Doc/GitHub/Give-me-Space/Space Game/Library/PackageCache/com.unity.visualscripting@1.8.0/Editor/VisualScripting.Core/Dependencies/DotNetZip/Unity.VisualScripting.IonicZip.dll
Native extension for OSXStandalone target not found
Native extension for WebGL target not found
Refreshing native plugins compatible for Editor in 68.49 ms, found 3 plugins.
Preloading 0 native plugins for Editor in 0.00 ms.
Mono: successfully reloaded assembly
- Completed reload, in  0.775 seconds
Domain Reload Profiling:
	ReloadAssembly (776ms)
		BeginReloadAssembly (60ms)
			ExecutionOrderSort (0ms)
			DisableScriptedObjects (3ms)
			BackupInstance (0ms)
			ReleaseScriptingObjects (0ms)
			CreateAndSetChildDomain (16ms)
		EndReloadAssembly (652ms)
			LoadAssemblies (58ms)
			RebuildTransferFunctionScriptingTraits (0ms)
			SetupTypeCache (151ms)
			ReleaseScriptCaches (1ms)
			RebuildScriptCaches (36ms)
			SetupLoadedEditorAssemblies (379ms)
				LogAssemblyErrors (0ms)
				InitializePlatformSupportModulesInManaged (2ms)
				SetLoadedEditorAssemblies (0ms)
				RefreshPlugins (69ms)
				BeforeProcessingInitializeOnLoad (55ms)
				ProcessInitializeOnLoadAttributes (232ms)
				ProcessInitializeOnLoadMethodAttributes (20ms)
				AfterProcessingInitializeOnLoad (2ms)
				EditorAssembliesLoaded (0ms)
			ExecutionOrderSort2 (0ms)
			AwakeInstancesAfterBackupRestoration (2ms)
Platform modules already initialized, skipping
========================================================================
Worker process is ready to serve import requests
Launching external process: /Applications/Unity/Hub/Editor/2021.3.24f1/Unity.app/Contents/Tools/UnityShaderCompiler
Launched and connected shader compiler UnityShaderCompiler after 0.18 seconds
Refreshing native plugins compatible for Editor in 0.42 ms, found 3 plugins.
Preloading 0 native plugins for Editor in 0.00 ms.
Unloading 3737 Unused Serialized files (Serialized files now loaded: 0)
Unloading 35 unused Assets / (296.5 KB). Loaded Objects now: 4196.
Memory consumption went from 137.0 MB to 136.7 MB.
Total: 3.077625 ms (FindLiveObjects: 0.177958 ms CreateObjectMapping: 0.051750 ms MarkObjects: 2.761750 ms  DeleteObjects: 0.085375 ms)

AssetImportParameters requested are different than current active one (requested -> active):
  custom:video-decoder-ogg-theora: a1e56fd34408186e4bbccfd4996cb3dc -> 
  custom:container-muxer-webm: aa71ff27fc2769a1b78a27578f13a17b -> 
  custom:container-demuxer-webm: 4f35f7cbe854078d1ac9338744f61a02 -> 
  custom:video-encoder-webm-vp8: eb34c28f22e8b96e1ab97ce403110664 -> 
  custom:framework-osx-AVFoundation: e770b220cccbd017edd2c1fefb359320 -> 
  custom:audio-encoder-webm-vorbis: bf7c407c2cedff20999df2af8eb42d56 -> 
  custom:container-demuxer-ogg: 62fdf1f143b41e24485cea50d1cbac27 -> 
  custom:video-decoder-webm-vp8: 9c59270c3fd7afecdb556c50c9e8de78 -> 
  custom:audio-decoder-ogg-vorbis: bf7c407c2cedff20999df2af8eb42d56 -> 
========================================================================
Received Import Request.
  Time since last request: 23226.042600 seconds.
  path: Assets/Main Ship - Base - Full health.png
  artifactKey: Guid(62cdaa3a66ced4759a1f3c7c999c79f9) Importer(815301076,1909f56bfc062723c751e8b465ee728b)
Start importing Assets/Main Ship - Base - Full health.png using Guid(62cdaa3a66ced4759a1f3c7c999c79f9) Importer(815301076,1909f56bfc062723c751e8b465ee728b)  -> (artifact id: 'feb7fe3799284fbe95be3520f3cbf591') in 0.431819 seconds 
========================================================================
Received Import Request.
  Time since last request: 0.000058 seconds.
  path: Assets/Starry background  - Layer 03 - Stars.png
  artifactKey: Guid(833b6d9b0d27c42a78dd6cf0bf9a0e10) Importer(815301076,1909f56bfc062723c751e8b465ee728b)
Start importing Assets/Starry background  - Layer 03 - Stars.png using Guid(833b6d9b0d27c42a78dd6cf0bf9a0e10) Importer(815301076,1909f56bfc062723c751e8b465ee728b)  -> (artifact id: '409cf8ca448be179b5dab5fddb6e2d8f') in 0.024059 seconds 
========================================================================
Received Import Request.
  Time since last request: 0.000074 seconds.
  path: Assets/Asteroid 01 - Base.png
  artifactKey: Guid(c0648c8a1f8c747a49b883aecdc37892) Importer(815301076,1909f56bfc062723c751e8b465ee728b)
Start importing Assets/Asteroid 01 - Base.png using Guid(c0648c8a1f8c747a49b883aecdc37892) Importer(815301076,1909f56bfc062723c751e8b465ee728b)  -> (artifact id: '9900a37a8ec0b14c25cb6d7566316285') in 0.009528 seconds 
========================================================================
Received Import Request.
  Time since last request: 0.000057 seconds.
  path: Assets/Nairan - Torpedo Ship - Base.png
  artifactKey: Guid(4fc4c8577a3544b08aa00c594b54005f) Importer(815301076,1909f56bfc062723c751e8b465ee728b)
Start importing Assets/Nairan - Torpedo Ship - Base.png using Guid(4fc4c8577a3544b08aa00c594b54005f) Importer(815301076,1909f56bfc062723c751e8b465ee728b)  -> (artifact id: '4509161de217d8f89a97f2476711e47a') in 0.009348 seconds 
========================================================================
Received Import Request.
  Time since last request: 0.000058 seconds.
  path: Assets/Main Ship - Base - Damaged.png
  artifactKey: Guid(9400432a381534484a5b315addf74162) Importer(815301076,1909f56bfc062723c751e8b465ee728b)
Start importing Assets/Main Ship - Base - Damaged.png using Guid(9400432a381534484a5b315addf74162) Importer(815301076,1909f56bfc062723c751e8b465ee728b)  -> (artifact id: '34f76869fcd73b69b1d9768e238e7522') in 0.006152 seconds 
========================================================================
Received Import Request.
  Time since last request: 0.000047 seconds.
  path: Assets/Nairan - Frigate - Base.png
  artifactKey: Guid(a96266b0fe2cc4044be3934c8c0454b7) Importer(815301076,1909f56bfc062723c751e8b465ee728b)
Start importing Assets/Nairan - Frigate - Base.png using Guid(a96266b0fe2cc4044be3934c8c0454b7) Importer(815301076,1909f56bfc062723c751e8b465ee728b)  -> (artifact id: '2b6cd567dab4f5c5961f85dede20e906') in 0.008309 seconds 
========================================================================
Received Import Request.
  Time since last request: 0.000044 seconds.
  path: Assets/Asteroid 01 - Explode.png
  artifactKey: Guid(a8ae5963a30ca4725bb49c486faa5399) Importer(815301076,1909f56bfc062723c751e8b465ee728b)
Start importing Assets/Asteroid 01 - Explode.png using Guid(a8ae5963a30ca4725bb49c486faa5399) Importer(815301076,1909f56bfc062723c751e8b465ee728b)  -> (artifact id: 'f4abdd0810cbe7077195e9386ba8b18f') in 0.012467 seconds 
========================================================================
Received Import Request.
  Time since last request: 0.000060 seconds.
  path: Assets/Rocket Booster Sound Effect.mp3
  artifactKey: Guid(978521a00592945ee98d9bac43cf8abf) Importer(815301076,1909f56bfc062723c751e8b465ee728b)
Start importing Assets/Rocket Booster Sound Effect.mp3 using Guid(978521a00592945ee98d9bac43cf8abf) Importer(815301076,1909f56bfc062723c751e8b465ee728b)  -> (artifact id: '887797675e08aa7987c926f7a3e2c3d5') in 0.314330 seconds 
========================================================================
Received Import Request.
  Time since last request: 0.000060 seconds.
  path: Assets/Nairan - Dreadnought - Base.png
  artifactKey: Guid(48acbc6237f7a42469b284bd2da5c9a0) Importer(815301076,1909f56bfc062723c751e8b465ee728b)
Start importing Assets/Nairan - Dreadnought - Base.png using Guid(48acbc6237f7a42469b284bd2da5c9a0) Importer(815301076,1909f56bfc062723c751e8b465ee728b)  -> (artifact id: '3df3845cf1b34407f68ab5fa3150d02e') in 0.008832 seconds 
========================================================================
Received Import Request.
  Time since last request: 0.000083 seconds.
  path: Assets/Nairan - Support Ship - Base.png
  artifactKey: Guid(d3413917952b3424b8ecf3ac24f906b4) Importer(815301076,1909f56bfc062723c751e8b465ee728b)
Start importing Assets/Nairan - Support Ship - Base.png using Guid(d3413917952b3424b8ecf3ac24f906b4) Importer(815301076,1909f56bfc062723c751e8b465ee728b)  -> (artifact id: '56df81a4b9f8d889d6f9a77eb76f2e6c') in 0.005836 seconds 
